  MyForm.cpp
C:\Users\Anton\Documents\Projects\JobCreator\JobCreator\MyForm.h(639,21): warning C4477: 'sprintf' : format string '%s' requires an argument of type 'char *', but variadic argument 1 has type 'System::String ^'
C:\Users\Anton\Documents\Projects\JobCreator\JobCreator\MyForm.h(639,7): warning C4996: 'sprintf': This function or variable may be unsafe. Consider using sprintf_s instead. To disable deprecation, use _CRT_SECURE_NO_WARNINGS. See online help for details.
C:\Users\Anton\Documents\Projects\JobCreator\JobCreator\MyForm.h(695,17): warning C4477: 'sprintf' : format string '%s' requires an argument of type 'char *', but variadic argument 1 has type 'System::String ^'
C:\Users\Anton\Documents\Projects\JobCreator\JobCreator\MyForm.h(695,3): warning C4996: 'sprintf': This function or variable may be unsafe. Consider using sprintf_s instead. To disable deprecation, use _CRT_SECURE_NO_WARNINGS. See online help for details.
C:\Users\Anton\Documents\Projects\JobCreator\JobCreator\MyForm.h(737,17): warning C4477: 'sprintf' : format string '%s' requires an argument of type 'char *', but variadic argument 1 has type 'System::String ^'
C:\Users\Anton\Documents\Projects\JobCreator\JobCreator\MyForm.h(742,17): warning C4477: 'sprintf' : format string '%s' requires an argument of type 'char *', but variadic argument 1 has type 'System::String ^'
C:\Users\Anton\Documents\Projects\JobCreator\JobCreator\MyForm.h(751,17): warning C4477: 'sprintf' : format string '%s' requires an argument of type 'char *', but variadic argument 1 has type 'System::String ^'
C:\Users\Anton\Documents\Projects\JobCreator\JobCreator\MyForm.h(737,3): warning C4996: 'sprintf': This function or variable may be unsafe. Consider using sprintf_s instead. To disable deprecation, use _CRT_SECURE_NO_WARNINGS. See online help for details.
C:\Users\Anton\Documents\Projects\JobCreator\JobCreator\MyForm.h(742,3): warning C4996: 'sprintf': This function or variable may be unsafe. Consider using sprintf_s instead. To disable deprecation, use _CRT_SECURE_NO_WARNINGS. See online help for details.
C:\Users\Anton\Documents\Projects\JobCreator\JobCreator\MyForm.h(751,3): warning C4996: 'sprintf': This function or variable may be unsafe. Consider using sprintf_s instead. To disable deprecation, use _CRT_SECURE_NO_WARNINGS. See online help for details.
C:\Users\Anton\Documents\Projects\JobCreator\JobCreator\MyForm.h(786,15): warning C4996: 'fopen': This function or variable may be unsafe. Consider using fopen_s instead. To disable deprecation, use _CRT_SECURE_NO_WARNINGS. See online help for details.
C:\Users\Anton\Documents\Projects\JobCreator\JobCreator\MyForm.h(933,17): warning C4477: 'sprintf' : format string '%s' requires an argument of type 'char *', but variadic argument 1 has type 'System::String ^'
C:\Users\Anton\Documents\Projects\JobCreator\JobCreator\MyForm.h(942,17): warning C4477: 'sprintf' : format string '%s' requires an argument of type 'char *', but variadic argument 1 has type 'System::String ^'
C:\Users\Anton\Documents\Projects\JobCreator\JobCreator\MyForm.h(933,3): warning C4996: 'sprintf': This function or variable may be unsafe. Consider using sprintf_s instead. To disable deprecation, use _CRT_SECURE_NO_WARNINGS. See online help for details.
C:\Users\Anton\Documents\Projects\JobCreator\JobCreator\MyForm.h(942,3): warning C4996: 'sprintf': This function or variable may be unsafe. Consider using sprintf_s instead. To disable deprecation, use _CRT_SECURE_NO_WARNINGS. See online help for details.
C:\Users\Anton\Documents\Projects\JobCreator\JobCreator\MyForm.h(985,17): warning C4477: 'sprintf' : format string '%s' requires an argument of type 'char *', but variadic argument 1 has type 'System::String ^'
C:\Users\Anton\Documents\Projects\JobCreator\JobCreator\MyForm.h(994,17): warning C4477: 'sprintf' : format string '%s' requires an argument of type 'char *', but variadic argument 1 has type 'System::String ^'
C:\Users\Anton\Documents\Projects\JobCreator\JobCreator\MyForm.h(985,3): warning C4996: 'sprintf': This function or variable may be unsafe. Consider using sprintf_s instead. To disable deprecation, use _CRT_SECURE_NO_WARNINGS. See online help for details.
C:\Users\Anton\Documents\Projects\JobCreator\JobCreator\MyForm.h(994,3): warning C4996: 'sprintf': This function or variable may be unsafe. Consider using sprintf_s instead. To disable deprecation, use _CRT_SECURE_NO_WARNINGS. See online help for details.
C:\Users\Anton\Documents\Projects\JobCreator\JobCreator\MyForm.h(1026,17): warning C4477: 'sprintf' : format string '%s' requires an argument of type 'char *', but variadic argument 1 has type 'System::String ^'
C:\Users\Anton\Documents\Projects\JobCreator\JobCreator\MyForm.h(1035,17): warning C4477: 'sprintf' : format string '%s' requires an argument of type 'char *', but variadic argument 1 has type 'System::String ^'
C:\Users\Anton\Documents\Projects\JobCreator\JobCreator\MyForm.h(1069,17): warning C4477: 'sprintf' : format string '%s' requires an argument of type 'char *', but variadic argument 1 has type 'System::String ^'
C:\Users\Anton\Documents\Projects\JobCreator\JobCreator\MyForm.h(1026,3): warning C4996: 'sprintf': This function or variable may be unsafe. Consider using sprintf_s instead. To disable deprecation, use _CRT_SECURE_NO_WARNINGS. See online help for details.
C:\Users\Anton\Documents\Projects\JobCreator\JobCreator\MyForm.h(1035,3): warning C4996: 'sprintf': This function or variable may be unsafe. Consider using sprintf_s instead. To disable deprecation, use _CRT_SECURE_NO_WARNINGS. See online help for details.
C:\Users\Anton\Documents\Projects\JobCreator\JobCreator\MyForm.h(1069,3): warning C4996: 'sprintf': This function or variable may be unsafe. Consider using sprintf_s instead. To disable deprecation, use _CRT_SECURE_NO_WARNINGS. See online help for details.
C:\Users\Anton\Documents\Projects\JobCreator\JobCreator\MyForm.h(1157,17): warning C4477: 'sprintf' : format string '%s' requires an argument of type 'char *', but variadic argument 1 has type 'System::String ^'
C:\Users\Anton\Documents\Projects\JobCreator\JobCreator\MyForm.h(1157,3): warning C4996: 'sprintf': This function or variable may be unsafe. Consider using sprintf_s instead. To disable deprecation, use _CRT_SECURE_NO_WARNINGS. See online help for details.
C:\Users\Anton\Documents\Projects\JobCreator\JobCreator\MyForm.h(1215,17): warning C4477: 'sprintf' : format string '%s' requires an argument of type 'char *', but variadic argument 1 has type 'System::String ^'
C:\Users\Anton\Documents\Projects\JobCreator\JobCreator\MyForm.h(1225,17): warning C4477: 'sprintf' : format string '%s' requires an argument of type 'char *', but variadic argument 1 has type 'System::String ^'
C:\Users\Anton\Documents\Projects\JobCreator\JobCreator\MyForm.h(1230,17): warning C4477: 'sprintf' : format string '%s' requires an argument of type 'char *', but variadic argument 1 has type 'System::String ^'
C:\Users\Anton\Documents\Projects\JobCreator\JobCreator\MyForm.h(1277,1): warning C4305: '=': truncation from 'double' to 'float'
C:\Users\Anton\Documents\Projects\JobCreator\JobCreator\MyForm.h(1282,1): warning C4305: '=': truncation from 'double' to 'float'
C:\Users\Anton\Documents\Projects\JobCreator\JobCreator\MyForm.h(1292,1): warning C4305: '=': truncation from 'double' to 'float'
C:\Users\Anton\Documents\Projects\JobCreator\JobCreator\MyForm.h(1297,1): warning C4305: '=': truncation from 'double' to 'float'
C:\Users\Anton\Documents\Projects\JobCreator\JobCreator\MyForm.h(1215,3): warning C4996: 'sprintf': This function or variable may be unsafe. Consider using sprintf_s instead. To disable deprecation, use _CRT_SECURE_NO_WARNINGS. See online help for details.
C:\Users\Anton\Documents\Projects\JobCreator\JobCreator\MyForm.h(1225,3): warning C4996: 'sprintf': This function or variable may be unsafe. Consider using sprintf_s instead. To disable deprecation, use _CRT_SECURE_NO_WARNINGS. See online help for details.
C:\Users\Anton\Documents\Projects\JobCreator\JobCreator\MyForm.h(1230,3): warning C4996: 'sprintf': This function or variable may be unsafe. Consider using sprintf_s instead. To disable deprecation, use _CRT_SECURE_NO_WARNINGS. See online help for details.
C:\Users\Anton\Documents\Projects\JobCreator\JobCreator\MyForm.h(1325,15): warning C4996: 'fopen': This function or variable may be unsafe. Consider using fopen_s instead. To disable deprecation, use _CRT_SECURE_NO_WARNINGS. See online help for details.
C:\Users\Anton\Documents\Projects\JobCreator\JobCreator\MyForm.h(1374,17): warning C4477: 'sprintf' : format string '%s' requires an argument of type 'char *', but variadic argument 1 has type 'System::String ^'
C:\Users\Anton\Documents\Projects\JobCreator\JobCreator\MyForm.h(1386,17): warning C4477: 'sprintf' : format string '%s' requires an argument of type 'char *', but variadic argument 1 has type 'System::String ^'
C:\Users\Anton\Documents\Projects\JobCreator\JobCreator\MyForm.h(1392,17): warning C4477: 'sprintf' : format string '%s' requires an argument of type 'char *', but variadic argument 1 has type 'System::String ^'
C:\Users\Anton\Documents\Projects\JobCreator\JobCreator\MyForm.h(1397,17): warning C4477: 'sprintf' : format string '%s' requires an argument of type 'char *', but variadic argument 1 has type 'System::String ^'
C:\Users\Anton\Documents\Projects\JobCreator\JobCreator\MyForm.h(1403,17): warning C4477: 'sprintf' : format string '%s' requires an argument of type 'char *', but variadic argument 1 has type 'System::String ^'
C:\Users\Anton\Documents\Projects\JobCreator\JobCreator\MyForm.h(1409,17): warning C4477: 'sprintf' : format string '%s' requires an argument of type 'char *', but variadic argument 1 has type 'System::String ^'
C:\Users\Anton\Documents\Projects\JobCreator\JobCreator\MyForm.h(1415,17): warning C4477: 'sprintf' : format string '%s' requires an argument of type 'char *', but variadic argument 1 has type 'System::String ^'
C:\Users\Anton\Documents\Projects\JobCreator\JobCreator\MyForm.h(1421,17): warning C4477: 'sprintf' : format string '%s' requires an argument of type 'char *', but variadic argument 1 has type 'System::String ^'
C:\Users\Anton\Documents\Projects\JobCreator\JobCreator\MyForm.h(1539,19): warning C4244: '=': conversion from 'double' to 'int', possible loss of data
C:\Users\Anton\Documents\Projects\JobCreator\JobCreator\MyForm.h(1374,3): warning C4996: 'sprintf': This function or variable may be unsafe. Consider using sprintf_s instead. To disable deprecation, use _CRT_SECURE_NO_WARNINGS. See online help for details.
C:\Users\Anton\Documents\Projects\JobCreator\JobCreator\MyForm.h(1386,3): warning C4996: 'sprintf': This function or variable may be unsafe. Consider using sprintf_s instead. To disable deprecation, use _CRT_SECURE_NO_WARNINGS. See online help for details.
C:\Users\Anton\Documents\Projects\JobCreator\JobCreator\MyForm.h(1392,3): warning C4996: 'sprintf': This function or variable may be unsafe. Consider using sprintf_s instead. To disable deprecation, use _CRT_SECURE_NO_WARNINGS. See online help for details.
C:\Users\Anton\Documents\Projects\JobCreator\JobCreator\MyForm.h(1397,3): warning C4996: 'sprintf': This function or variable may be unsafe. Consider using sprintf_s instead. To disable deprecation, use _CRT_SECURE_NO_WARNINGS. See online help for details.
C:\Users\Anton\Documents\Projects\JobCreator\JobCreator\MyForm.h(1403,3): warning C4996: 'sprintf': This function or variable may be unsafe. Consider using sprintf_s instead. To disable deprecation, use _CRT_SECURE_NO_WARNINGS. See online help for details.
C:\Users\Anton\Documents\Projects\JobCreator\JobCreator\MyForm.h(1409,3): warning C4996: 'sprintf': This function or variable may be unsafe. Consider using sprintf_s instead. To disable deprecation, use _CRT_SECURE_NO_WARNINGS. See online help for details.
C:\Users\Anton\Documents\Projects\JobCreator\JobCreator\MyForm.h(1415,3): warning C4996: 'sprintf': This function or variable may be unsafe. Consider using sprintf_s instead. To disable deprecation, use _CRT_SECURE_NO_WARNINGS. See online help for details.
C:\Users\Anton\Documents\Projects\JobCreator\JobCreator\MyForm.h(1421,3): warning C4996: 'sprintf': This function or variable may be unsafe. Consider using sprintf_s instead. To disable deprecation, use _CRT_SECURE_NO_WARNINGS. See online help for details.
C:\Users\Anton\Documents\Projects\JobCreator\JobCreator\MyForm.h(1512,15): warning C4996: 'fopen': This function or variable may be unsafe. Consider using fopen_s instead. To disable deprecation, use _CRT_SECURE_NO_WARNINGS. See online help for details.
  .NETFramework,Version=v4.7.2.AssemblyAttributes.cpp
  Generating Code...
  MyForm.obj : MSIL module encountered; incremental linking is disabled for MSIL; performing full link
MyForm.obj : warning LNK4248: unresolved typeref token (0100002B) for 'sqlite3_stmt'; image may not run
MyForm.obj : warning LNK4248: unresolved typeref token (01000035) for 'sqlite3'; image may not run
  JobCreator.vcxproj -> C:\Users\Anton\Documents\Projects\JobCreator\Release\JobCreator.exe
