  MyForm.cpp
C:\Users\Anton\Documents\Projects\JobCreator\JobCreator\MyForm.h(652,21): warning C4477: 'sprintf' : format string '%s' requires an argument of type 'char *', but variadic argument 1 has type 'System::String ^'
C:\Users\Anton\Documents\Projects\JobCreator\JobCreator\MyForm.h(652,7): warning C4996: 'sprintf': This function or variable may be unsafe. Consider using sprintf_s instead. To disable deprecation, use _CRT_SECURE_NO_WARNINGS. See online help for details.
C:\Users\Anton\Documents\Projects\JobCreator\JobCreator\MyForm.h(708,17): warning C4477: 'sprintf' : format string '%s' requires an argument of type 'char *', but variadic argument 1 has type 'System::String ^'
C:\Users\Anton\Documents\Projects\JobCreator\JobCreator\MyForm.h(708,3): warning C4996: 'sprintf': This function or variable may be unsafe. Consider using sprintf_s instead. To disable deprecation, use _CRT_SECURE_NO_WARNINGS. See online help for details.
C:\Users\Anton\Documents\Projects\JobCreator\JobCreator\MyForm.h(750,17): warning C4477: 'sprintf' : format string '%s' requires an argument of type 'char *', but variadic argument 1 has type 'System::String ^'
C:\Users\Anton\Documents\Projects\JobCreator\JobCreator\MyForm.h(755,17): warning C4477: 'sprintf' : format string '%s' requires an argument of type 'char *', but variadic argument 1 has type 'System::String ^'
C:\Users\Anton\Documents\Projects\JobCreator\JobCreator\MyForm.h(764,17): warning C4477: 'sprintf' : format string '%s' requires an argument of type 'char *', but variadic argument 1 has type 'System::String ^'
C:\Users\Anton\Documents\Projects\JobCreator\JobCreator\MyForm.h(750,3): warning C4996: 'sprintf': This function or variable may be unsafe. Consider using sprintf_s instead. To disable deprecation, use _CRT_SECURE_NO_WARNINGS. See online help for details.
C:\Users\Anton\Documents\Projects\JobCreator\JobCreator\MyForm.h(755,3): warning C4996: 'sprintf': This function or variable may be unsafe. Consider using sprintf_s instead. To disable deprecation, use _CRT_SECURE_NO_WARNINGS. See online help for details.
C:\Users\Anton\Documents\Projects\JobCreator\JobCreator\MyForm.h(764,3): warning C4996: 'sprintf': This function or variable may be unsafe. Consider using sprintf_s instead. To disable deprecation, use _CRT_SECURE_NO_WARNINGS. See online help for details.
C:\Users\Anton\Documents\Projects\JobCreator\JobCreator\MyForm.h(799,15): warning C4996: 'fopen': This function or variable may be unsafe. Consider using fopen_s instead. To disable deprecation, use _CRT_SECURE_NO_WARNINGS. See online help for details.
C:\Users\Anton\Documents\Projects\JobCreator\JobCreator\MyForm.h(947,17): warning C4477: 'sprintf' : format string '%s' requires an argument of type 'char *', but variadic argument 1 has type 'System::String ^'
C:\Users\Anton\Documents\Projects\JobCreator\JobCreator\MyForm.h(956,17): warning C4477: 'sprintf' : format string '%s' requires an argument of type 'char *', but variadic argument 1 has type 'System::String ^'
C:\Users\Anton\Documents\Projects\JobCreator\JobCreator\MyForm.h(947,3): warning C4996: 'sprintf': This function or variable may be unsafe. Consider using sprintf_s instead. To disable deprecation, use _CRT_SECURE_NO_WARNINGS. See online help for details.
C:\Users\Anton\Documents\Projects\JobCreator\JobCreator\MyForm.h(956,3): warning C4996: 'sprintf': This function or variable may be unsafe. Consider using sprintf_s instead. To disable deprecation, use _CRT_SECURE_NO_WARNINGS. See online help for details.
C:\Users\Anton\Documents\Projects\JobCreator\JobCreator\MyForm.h(999,17): warning C4477: 'sprintf' : format string '%s' requires an argument of type 'char *', but variadic argument 1 has type 'System::String ^'
C:\Users\Anton\Documents\Projects\JobCreator\JobCreator\MyForm.h(1008,17): warning C4477: 'sprintf' : format string '%s' requires an argument of type 'char *', but variadic argument 1 has type 'System::String ^'
C:\Users\Anton\Documents\Projects\JobCreator\JobCreator\MyForm.h(999,3): warning C4996: 'sprintf': This function or variable may be unsafe. Consider using sprintf_s instead. To disable deprecation, use _CRT_SECURE_NO_WARNINGS. See online help for details.
C:\Users\Anton\Documents\Projects\JobCreator\JobCreator\MyForm.h(1008,3): warning C4996: 'sprintf': This function or variable may be unsafe. Consider using sprintf_s instead. To disable deprecation, use _CRT_SECURE_NO_WARNINGS. See online help for details.
C:\Users\Anton\Documents\Projects\JobCreator\JobCreator\MyForm.h(1040,17): warning C4477: 'sprintf' : format string '%s' requires an argument of type 'char *', but variadic argument 1 has type 'System::String ^'
C:\Users\Anton\Documents\Projects\JobCreator\JobCreator\MyForm.h(1049,17): warning C4477: 'sprintf' : format string '%s' requires an argument of type 'char *', but variadic argument 1 has type 'System::String ^'
C:\Users\Anton\Documents\Projects\JobCreator\JobCreator\MyForm.h(1083,17): warning C4477: 'sprintf' : format string '%s' requires an argument of type 'char *', but variadic argument 1 has type 'System::String ^'
C:\Users\Anton\Documents\Projects\JobCreator\JobCreator\MyForm.h(1040,3): warning C4996: 'sprintf': This function or variable may be unsafe. Consider using sprintf_s instead. To disable deprecation, use _CRT_SECURE_NO_WARNINGS. See online help for details.
C:\Users\Anton\Documents\Projects\JobCreator\JobCreator\MyForm.h(1049,3): warning C4996: 'sprintf': This function or variable may be unsafe. Consider using sprintf_s instead. To disable deprecation, use _CRT_SECURE_NO_WARNINGS. See online help for details.
C:\Users\Anton\Documents\Projects\JobCreator\JobCreator\MyForm.h(1083,3): warning C4996: 'sprintf': This function or variable may be unsafe. Consider using sprintf_s instead. To disable deprecation, use _CRT_SECURE_NO_WARNINGS. See online help for details.
C:\Users\Anton\Documents\Projects\JobCreator\JobCreator\MyForm.h(1171,17): warning C4477: 'sprintf' : format string '%s' requires an argument of type 'char *', but variadic argument 1 has type 'System::String ^'
C:\Users\Anton\Documents\Projects\JobCreator\JobCreator\MyForm.h(1171,3): warning C4996: 'sprintf': This function or variable may be unsafe. Consider using sprintf_s instead. To disable deprecation, use _CRT_SECURE_NO_WARNINGS. See online help for details.
C:\Users\Anton\Documents\Projects\JobCreator\JobCreator\MyForm.h(1229,17): warning C4477: 'sprintf' : format string '%s' requires an argument of type 'char *', but variadic argument 1 has type 'System::String ^'
C:\Users\Anton\Documents\Projects\JobCreator\JobCreator\MyForm.h(1239,17): warning C4477: 'sprintf' : format string '%s' requires an argument of type 'char *', but variadic argument 1 has type 'System::String ^'
C:\Users\Anton\Documents\Projects\JobCreator\JobCreator\MyForm.h(1244,17): warning C4477: 'sprintf' : format string '%s' requires an argument of type 'char *', but variadic argument 1 has type 'System::String ^'
C:\Users\Anton\Documents\Projects\JobCreator\JobCreator\MyForm.h(1291,1): warning C4305: '=': truncation from 'double' to 'float'
C:\Users\Anton\Documents\Projects\JobCreator\JobCreator\MyForm.h(1296,1): warning C4305: '=': truncation from 'double' to 'float'
C:\Users\Anton\Documents\Projects\JobCreator\JobCreator\MyForm.h(1306,1): warning C4305: '=': truncation from 'double' to 'float'
C:\Users\Anton\Documents\Projects\JobCreator\JobCreator\MyForm.h(1311,1): warning C4305: '=': truncation from 'double' to 'float'
C:\Users\Anton\Documents\Projects\JobCreator\JobCreator\MyForm.h(1229,3): warning C4996: 'sprintf': This function or variable may be unsafe. Consider using sprintf_s instead. To disable deprecation, use _CRT_SECURE_NO_WARNINGS. See online help for details.
C:\Users\Anton\Documents\Projects\JobCreator\JobCreator\MyForm.h(1239,3): warning C4996: 'sprintf': This function or variable may be unsafe. Consider using sprintf_s instead. To disable deprecation, use _CRT_SECURE_NO_WARNINGS. See online help for details.
C:\Users\Anton\Documents\Projects\JobCreator\JobCreator\MyForm.h(1244,3): warning C4996: 'sprintf': This function or variable may be unsafe. Consider using sprintf_s instead. To disable deprecation, use _CRT_SECURE_NO_WARNINGS. See online help for details.
C:\Users\Anton\Documents\Projects\JobCreator\JobCreator\MyForm.h(1339,15): warning C4996: 'fopen': This function or variable may be unsafe. Consider using fopen_s instead. To disable deprecation, use _CRT_SECURE_NO_WARNINGS. See online help for details.
C:\Users\Anton\Documents\Projects\JobCreator\JobCreator\MyForm.h(1388,17): warning C4477: 'sprintf' : format string '%s' requires an argument of type 'char *', but variadic argument 1 has type 'System::String ^'
C:\Users\Anton\Documents\Projects\JobCreator\JobCreator\MyForm.h(1400,17): warning C4477: 'sprintf' : format string '%s' requires an argument of type 'char *', but variadic argument 1 has type 'System::String ^'
C:\Users\Anton\Documents\Projects\JobCreator\JobCreator\MyForm.h(1406,17): warning C4477: 'sprintf' : format string '%s' requires an argument of type 'char *', but variadic argument 1 has type 'System::String ^'
C:\Users\Anton\Documents\Projects\JobCreator\JobCreator\MyForm.h(1411,17): warning C4477: 'sprintf' : format string '%s' requires an argument of type 'char *', but variadic argument 1 has type 'System::String ^'
C:\Users\Anton\Documents\Projects\JobCreator\JobCreator\MyForm.h(1417,17): warning C4477: 'sprintf' : format string '%s' requires an argument of type 'char *', but variadic argument 1 has type 'System::String ^'
C:\Users\Anton\Documents\Projects\JobCreator\JobCreator\MyForm.h(1423,17): warning C4477: 'sprintf' : format string '%s' requires an argument of type 'char *', but variadic argument 1 has type 'System::String ^'
C:\Users\Anton\Documents\Projects\JobCreator\JobCreator\MyForm.h(1429,17): warning C4477: 'sprintf' : format string '%s' requires an argument of type 'char *', but variadic argument 1 has type 'System::String ^'
C:\Users\Anton\Documents\Projects\JobCreator\JobCreator\MyForm.h(1435,17): warning C4477: 'sprintf' : format string '%s' requires an argument of type 'char *', but variadic argument 1 has type 'System::String ^'
C:\Users\Anton\Documents\Projects\JobCreator\JobCreator\MyForm.h(1553,19): warning C4244: '=': conversion from 'double' to 'int', possible loss of data
C:\Users\Anton\Documents\Projects\JobCreator\JobCreator\MyForm.h(1388,3): warning C4996: 'sprintf': This function or variable may be unsafe. Consider using sprintf_s instead. To disable deprecation, use _CRT_SECURE_NO_WARNINGS. See online help for details.
C:\Users\Anton\Documents\Projects\JobCreator\JobCreator\MyForm.h(1400,3): warning C4996: 'sprintf': This function or variable may be unsafe. Consider using sprintf_s instead. To disable deprecation, use _CRT_SECURE_NO_WARNINGS. See online help for details.
C:\Users\Anton\Documents\Projects\JobCreator\JobCreator\MyForm.h(1406,3): warning C4996: 'sprintf': This function or variable may be unsafe. Consider using sprintf_s instead. To disable deprecation, use _CRT_SECURE_NO_WARNINGS. See online help for details.
C:\Users\Anton\Documents\Projects\JobCreator\JobCreator\MyForm.h(1411,3): warning C4996: 'sprintf': This function or variable may be unsafe. Consider using sprintf_s instead. To disable deprecation, use _CRT_SECURE_NO_WARNINGS. See online help for details.
C:\Users\Anton\Documents\Projects\JobCreator\JobCreator\MyForm.h(1417,3): warning C4996: 'sprintf': This function or variable may be unsafe. Consider using sprintf_s instead. To disable deprecation, use _CRT_SECURE_NO_WARNINGS. See online help for details.
C:\Users\Anton\Documents\Projects\JobCreator\JobCreator\MyForm.h(1423,3): warning C4996: 'sprintf': This function or variable may be unsafe. Consider using sprintf_s instead. To disable deprecation, use _CRT_SECURE_NO_WARNINGS. See online help for details.
C:\Users\Anton\Documents\Projects\JobCreator\JobCreator\MyForm.h(1429,3): warning C4996: 'sprintf': This function or variable may be unsafe. Consider using sprintf_s instead. To disable deprecation, use _CRT_SECURE_NO_WARNINGS. See online help for details.
C:\Users\Anton\Documents\Projects\JobCreator\JobCreator\MyForm.h(1435,3): warning C4996: 'sprintf': This function or variable may be unsafe. Consider using sprintf_s instead. To disable deprecation, use _CRT_SECURE_NO_WARNINGS. See online help for details.
C:\Users\Anton\Documents\Projects\JobCreator\JobCreator\MyForm.h(1526,15): warning C4996: 'fopen': This function or variable may be unsafe. Consider using fopen_s instead. To disable deprecation, use _CRT_SECURE_NO_WARNINGS. See online help for details.
  MyForm.obj : MSIL module encountered; incremental linking is disabled for MSIL; performing full link
MyForm.obj : warning LNK4248: unresolved typeref token (0100002C) for 'sqlite3_stmt'; image may not run
MyForm.obj : warning LNK4248: unresolved typeref token (01000036) for 'sqlite3'; image may not run
  JobCreator.vcxproj -> C:\Users\Anton\Documents\Projects\JobCreator\Debug\JobCreator.exe
